1537113914377	geckodriver	INFO	geckodriver 0.20.1
1537113914387	geckodriver	INFO	Listening on 127.0.0.1:57802
1537113915393	mozrunner::runner	INFO	Running command: "/Applications/Firefox.app/Contents/MacOS/firefox-bin" "-marionette" "-profile" "/var/folders/ch/v7j_w2057ms6ynry7zbqjkfc0000gn/T/rust_mozprofile.i71nI2LCBeta"
2018-09-16 12:05:18.181 plugin-container[3592:239492] *** CFMessagePort: bootstrap_register(): failed 1100 (0x44c) 'Permission denied', port = 0x9a3f, name = 'com.apple.tsm.portname'
See /usr/include/servers/bootstrap_defs.h for the error codes.
2018-09-16 12:05:19.065 plugin-container[3594:239577] *** CFMessagePort: bootstrap_register(): failed 1100 (0x44c) 'Permission denied', port = 0x9633, name = 'com.apple.tsm.portname'
See /usr/include/servers/bootstrap_defs.h for the error codes.
1537113919077	Marionette	INFO	Listening on port 57815
1537113919202	Marionette	WARN	TLS certificate errors will be ignored for this session
1537113955232	geckodriver	INFO	geckodriver 0.20.1
1537113955241	geckodriver	INFO	Listening on 127.0.0.1:58010
1537113956253	mozrunner::runner	INFO	Running command: "/Applications/Firefox.app/Contents/MacOS/firefox-bin" "-marionette" "-profile" "/var/folders/ch/v7j_w2057ms6ynry7zbqjkfc0000gn/T/rust_mozprofile.BosTWwQUFrZd"
2018-09-16 12:05:58.177 plugin-container[3608:241199] *** CFMessagePort: bootstrap_register(): failed 1100 (0x44c) 'Permission denied', port = 0x9a37, name = 'com.apple.tsm.portname'
See /usr/include/servers/bootstrap_defs.h for the error codes.
1537113958723	Marionette	INFO	Listening on port 58023
1537113958835	Marionette	WARN	TLS certificate errors will be ignored for this session
2018-09-16 12:05:59.532 plugin-container[3610:241336] *** CFMessagePort: bootstrap_register(): failed 1100 (0x44c) 'Permission denied', port = 0x9637, name = 'com.apple.tsm.portname'
See /usr/include/servers/bootstrap_defs.h for the error codes.
1537115823182	geckodriver	INFO	geckodriver 0.20.1
1537115823193	geckodriver	INFO	Listening on 127.0.0.1:60916
1537115824190	mozrunner::runner	INFO	Running command: "/Applications/Firefox.app/Contents/MacOS/firefox-bin" "-marionette" "-profile" "/var/folders/ch/v7j_w2057ms6ynry7zbqjkfc0000gn/T/rust_mozprofile.4IlYVnaxCb5V"
2018-09-16 12:37:06.522 plugin-container[16454:307573] *** CFMessagePort: bootstrap_register(): failed 1100 (0x44c) 'Permission denied', port = 0x9633, name = 'com.apple.tsm.portname'
See /usr/include/servers/bootstrap_defs.h for the error codes.
1537115827108	Marionette	INFO	Listening on port 60929
1537115827120	Marionette	WARN	TLS certificate errors will be ignored for this session
2018-09-16 12:37:07.675 plugin-container[16455:307656] *** CFMessagePort: bootstrap_register(): failed 1100 (0x44c) 'Permission denied', port = 0x9137, name = 'com.apple.tsm.portname'
See /usr/include/servers/bootstrap_defs.h for the error codes.
1537115843785	geckodriver	INFO	geckodriver 0.20.1
1537115843791	geckodriver	INFO	Listening on 127.0.0.1:61039
1537115844800	mozrunner::runner	INFO	Running command: "/Applications/Firefox.app/Contents/MacOS/firefox-bin" "-marionette" "-profile" "/var/folders/ch/v7j_w2057ms6ynry7zbqjkfc0000gn/T/rust_mozprofile.JMweEAxRdhzc"
2018-09-16 12:37:26.522 plugin-container[16464:308365] *** CFMessagePort: bootstrap_register(): failed 1100 (0x44c) 'Permission denied', port = 0x9537, name = 'com.apple.tsm.portname'
See /usr/include/servers/bootstrap_defs.h for the error codes.
1537115847037	Marionette	INFO	Listening on port 61052
1537115847086	Marionette	WARN	TLS certificate errors will be ignored for this session
1537115892293	geckodriver	INFO	geckodriver 0.20.1
1537115892299	geckodriver	INFO	Listening on 127.0.0.1:61200
1537115893307	mozrunner::runner	INFO	Running command: "/Applications/Firefox.app/Contents/MacOS/firefox-bin" "-marionette" "-profile" "/var/folders/ch/v7j_w2057ms6ynry7zbqjkfc0000gn/T/rust_mozprofile.i2AQ1FtpQKbo"
2018-09-16 12:38:15.100 plugin-container[16479:309902] *** CFMessagePort: bootstrap_register(): failed 1100 (0x44c) 'Permission denied', port = 0x9733, name = 'com.apple.tsm.portname'
See /usr/include/servers/bootstrap_defs.h for the error codes.
1537115895603	Marionette	INFO	Listening on port 61213
1537115895706	Marionette	WARN	TLS certificate errors will be ignored for this session
2018-09-16 12:38:16.098 plugin-container[16480:309998] *** CFMessagePort: bootstrap_register(): failed 1100 (0x44c) 'Permission denied', port = 0x9237, name = 'com.apple.tsm.portname'
See /usr/include/servers/bootstrap_defs.h for the error codes.
1537115900547	geckodriver	INFO	geckodriver 0.20.1
1537115900553	geckodriver	INFO	Listening on 127.0.0.1:61286
1537115901564	mozrunner::runner	INFO	Running command: "/Applications/Firefox.app/Contents/MacOS/firefox-bin" "-marionette" "-profile" "/var/folders/ch/v7j_w2057ms6ynry7zbqjkfc0000gn/T/rust_mozprofile.kC1x5J90cyUj"
2018-09-16 12:38:23.264 plugin-container[16486:310176] *** CFMessagePort: bootstrap_register(): failed 1100 (0x44c) 'Permission denied', port = 0x9537, name = 'com.apple.tsm.portname'
See /usr/include/servers/bootstrap_defs.h for the error codes.
1537115903924	Marionette	INFO	Listening on port 61299
1537115903969	Marionette	WARN	TLS certificate errors will be ignored for this session
2018-09-16 12:38:24.766 plugin-container[16488:310335] *** CFMessagePort: bootstrap_register(): failed 1100 (0x44c) 'Permission denied', port = 0x923f, name = 'com.apple.tsm.portname'
See /usr/include/servers/bootstrap_defs.h for the error codes.
1537116057349	geckodriver	INFO	geckodriver 0.20.1
1537116057356	geckodriver	INFO	Listening on 127.0.0.1:61679
1537116058368	mozrunner::runner	INFO	Running command: "/Applications/Firefox.app/Contents/MacOS/firefox-bin" "-marionette" "-profile" "/var/folders/ch/v7j_w2057ms6ynry7zbqjkfc0000gn/T/rust_mozprofile.v5aIGHkP2ULW"
2018-09-16 12:41:00.055 plugin-container[16513:313781] *** CFMessagePort: bootstrap_register(): failed 1100 (0x44c) 'Permission denied', port = 0x9637, name = 'com.apple.tsm.portname'
See /usr/include/servers/bootstrap_defs.h for the error codes.
1537116060546	Marionette	INFO	Listening on port 61692
1537116060649	Marionette	WARN	TLS certificate errors will be ignored for this session
2018-09-16 12:41:01.207 plugin-container[16514:313888] *** CFMessagePort: bootstrap_register(): failed 1100 (0x44c) 'Permission denied', port = 0x9337, name = 'com.apple.tsm.portname'
See /usr/include/servers/bootstrap_defs.h for the error codes.
JavaScript warning: https://manganelo.com/themes/home/js/jquery-1.9.1.min.js?v=8, line 1: Using //@ to indicate sourceMappingURL pragmas is deprecated. Use //# instead
JavaScript warning: https://www.googletagmanager.com/gtag/js?id=UA-110559829-1, line 74: unreachable code after return statement
JavaScript warning: https://www.googletagmanager.com/gtag/js?id=UA-110559829-1, line 74: unreachable code after return statement
JavaScript warning: https://www.googletagmanager.com/gtag/js?id=UA-106464657-6, line 74: unreachable code after return statement
JavaScript warning: https://www.googletagmanager.com/gtag/js?id=UA-106464657-6, line 74: unreachable code after return statement
JavaScript warning: https://www.googletagmanager.com/gtag/js?id=UA-106464657-6, line 74: unreachable code after return statement
JavaScript warning: https://www.googletagmanager.com/gtag/js?id=UA-106464657-6, line 74: unreachable code after return statement
JavaScript warning: https://www.googletagmanager.com/gtag/js?id=UA-106464657-6, line 74: unreachable code after return statement
JavaScript warning: https://www.googletagmanager.com/gtag/js?id=UA-106464657-6, line 74: unreachable code after return statement
*** UTM:SVC TimerManager:registerTimer called after profile-before-change notification. Ignoring timer registration for id: telemetry_modules_ping
1537116096610	geckodriver	INFO	geckodriver 0.20.1
1537116096616	geckodriver	INFO	Listening on 127.0.0.1:62028
1537116097628	mozrunner::runner	INFO	Running command: "/Applications/Firefox.app/Contents/MacOS/firefox-bin" "-marionette" "-profile" "/var/folders/ch/v7j_w2057ms6ynry7zbqjkfc0000gn/T/rust_mozprofile.17sCUxVDEno3"
2018-09-16 12:41:39.488 plugin-container[16532:314859] *** CFMessagePort: bootstrap_register(): failed 1100 (0x44c) 'Permission denied', port = 0x9633, name = 'com.apple.tsm.portname'
See /usr/include/servers/bootstrap_defs.h for the error codes.
1537116100036	Marionette	INFO	Listening on port 62041
1537116100121	Marionette	WARN	TLS certificate errors will be ignored for this session
2018-09-16 12:41:40.698 plugin-container[16533:314958] *** CFMessagePort: bootstrap_register(): failed 1100 (0x44c) 'Permission denied', port = 0x9237, name = 'com.apple.tsm.portname'
See /usr/include/servers/bootstrap_defs.h for the error codes.
JavaScript warning: https://manganelo.com/themes/home/js/jquery-1.9.1.min.js?v=8, line 1: Using //@ to indicate sourceMappingURL pragmas is deprecated. Use //# instead
JavaScript warning: https://www.googletagmanager.com/gtag/js?id=UA-110559829-1, line 74: unreachable code after return statement
JavaScript warning: https://www.googletagmanager.com/gtag/js?id=UA-110559829-1, line 74: unreachable code after return statement
JavaScript warning: https://www.googletagmanager.com/gtag/js?id=UA-106464657-6, line 74: unreachable code after return statement
JavaScript warning: https://www.googletagmanager.com/gtag/js?id=UA-106464657-6, line 74: unreachable code after return statement
JavaScript warning: https://www.googletagmanager.com/gtag/js?id=UA-106464657-6, line 74: unreachable code after return statement
JavaScript warning: https://www.googletagmanager.com/gtag/js?id=UA-106464657-6, line 74: unreachable code after return statement
JavaScript warning: https://www.googletagmanager.com/gtag/js?id=UA-106464657-6, line 74: unreachable code after return statement
JavaScript warning: https://www.googletagmanager.com/gtag/js?id=UA-106464657-6, line 74: unreachable code after return statement

###!!! [Child][RunMessage] Error: Channel closing: too late to send/recv, messages will be lost


###!!! [Child][RunMessage] Error: Channel closing: too late to send/recv, messages will be lost


###!!! [Child][MessageChannel] Error: (msgtype=0x48000E,name=PHttpChannel::Msg_DeletingChannel) Channel closing: too late to send/recv, messages will be lost


###!!! [Child][RunMessage] Error: Channel closing: too late to send/recv, messages will be lost


###!!! [Child][RunMessage] Error: Channel closing: too late to send/recv, messages will be lost


###!!! [Child][RunMessage] Error: Channel closing: too late to send/recv, messages will be lost


###!!! [Child][RunMessage] Error: Channel closing: too late to send/recv, messages will be lost


###!!! [Child][RunMessage] Error: Channel closing: too late to send/recv, messages will be lost

*** UTM:SVC TimerManager:registerTimer called after profile-before-change notification. Ignoring timer registration for id: telemetry_modules_ping
1537116394907	geckodriver	INFO	geckodriver 0.20.1
1537116394916	geckodriver	INFO	Listening on 127.0.0.1:62917
1537116395927	mozrunner::runner	INFO	Running command: "/Applications/Firefox.app/Contents/MacOS/firefox-bin" "-marionette" "-profile" "/var/folders/ch/v7j_w2057ms6ynry7zbqjkfc0000gn/T/rust_mozprofile.K7FA2FFgfpGH"
2018-09-16 12:46:37.808 plugin-container[16596:321904] *** CFMessagePort: bootstrap_register(): failed 1100 (0x44c) 'Permission denied', port = 0x9733, name = 'com.apple.tsm.portname'
See /usr/include/servers/bootstrap_defs.h for the error codes.
1537116398329	Marionette	INFO	Listening on port 62930
1537116398427	Marionette	WARN	TLS certificate errors will be ignored for this session
2018-09-16 12:46:38.856 plugin-container[16597:322027] *** CFMessagePort: bootstrap_register(): failed 1100 (0x44c) 'Permission denied', port = 0x9137, name = 'com.apple.tsm.portname'
See /usr/include/servers/bootstrap_defs.h for the error codes.
JavaScript warning: https://manganelo.com/themes/home/js/jquery-1.9.1.min.js?v=8, line 1: Using //@ to indicate sourceMappingURL pragmas is deprecated. Use //# instead
JavaScript warning: https://www.googletagmanager.com/gtag/js?id=UA-110559829-1, line 74: unreachable code after return statement
JavaScript warning: https://www.googletagmanager.com/gtag/js?id=UA-110559829-1, line 74: unreachable code after return statement
JavaScript warning: https://www.googletagmanager.com/gtag/js?id=UA-106464657-6, line 74: unreachable code after return statement
JavaScript warning: https://www.googletagmanager.com/gtag/js?id=UA-106464657-6, line 74: unreachable code after return statement
JavaScript warning: https://www.googletagmanager.com/gtag/js?id=UA-106464657-6, line 74: unreachable code after return statement
JavaScript warning: https://www.googletagmanager.com/gtag/js?id=UA-106464657-6, line 74: unreachable code after return statement
JavaScript warning: https://www.googletagmanager.com/gtag/js?id=UA-106464657-6, line 74: unreachable code after return statement
JavaScript warning: https://www.googletagmanager.com/gtag/js?id=UA-106464657-6, line 74: unreachable code after return statement

###!!! [Child][RunMessage] Error: Channel closing: too late to send/recv, messages will be lost


###!!! [Child][RunMessage] Error: Channel closing: too late to send/recv, messages will be lost


###!!! [Child][RunMessage] Error: Channel closing: too late to send/recv, messages will be lost


###!!! [Child][RunMessage] Error: Channel closing: too late to send/recv, messages will be lost

*** UTM:SVC TimerManager:registerTimer called after profile-before-change notification. Ignoring timer registration for id: telemetry_modules_ping
1537117485557	geckodriver	INFO	geckodriver 0.20.1
1537117485564	geckodriver	INFO	Listening on 127.0.0.1:64863
1537117486575	mozrunner::runner	INFO	Running command: "/Applications/Firefox.app/Contents/MacOS/firefox-bin" "-marionette" "-profile" "/var/folders/ch/v7j_w2057ms6ynry7zbqjkfc0000gn/T/rust_mozprofile.i55csmf6TSDp"
2018-09-16 13:04:48.425 plugin-container[16721:339798] *** CFMessagePort: bootstrap_register(): failed 1100 (0x44c) 'Permission denied', port = 0x9737, name = 'com.apple.tsm.portname'
See /usr/include/servers/bootstrap_defs.h for the error codes.
1537117488922	Marionette	INFO	Listening on port 64876
1537117488968	Marionette	WARN	TLS certificate errors will be ignored for this session
2018-09-16 13:04:49.450 plugin-container[16722:339904] *** CFMessagePort: bootstrap_register(): failed 1100 (0x44c) 'Permission denied', port = 0x9337, name = 'com.apple.tsm.portname'
See /usr/include/servers/bootstrap_defs.h for the error codes.
JavaScript warning: https://manganelo.com/themes/home/js/jquery-1.9.1.min.js?v=8, line 1: Using //@ to indicate sourceMappingURL pragmas is deprecated. Use //# instead
JavaScript warning: https://www.googletagmanager.com/gtag/js?id=UA-110559829-1, line 74: unreachable code after return statement
JavaScript warning: https://www.googletagmanager.com/gtag/js?id=UA-110559829-1, line 74: unreachable code after return statement
JavaScript warning: https://www.googletagmanager.com/gtag/js?id=UA-106464657-6, line 74: unreachable code after return statement
JavaScript warning: https://www.googletagmanager.com/gtag/js?id=UA-106464657-6, line 74: unreachable code after return statement
JavaScript warning: https://www.googletagmanager.com/gtag/js?id=UA-106464657-6, line 74: unreachable code after return statement
JavaScript warning: https://www.googletagmanager.com/gtag/js?id=UA-106464657-6, line 74: unreachable code after return statement
JavaScript warning: https://www.googletagmanager.com/gtag/js?id=UA-106464657-6, line 74: unreachable code after return statement
JavaScript warning: https://www.googletagmanager.com/gtag/js?id=UA-106464657-6, line 74: unreachable code after return statement

###!!! [Child][RunMessage] Error: Channel closing: too late to send/recv, messages will be lost


###!!! [Child][MessageChannel] Error: (msgtype=0x48000E,name=PHttpChannel::Msg_DeletingChannel) Channel closing: too late to send/recv, messages will be lost


###!!! [Child][MessageChannel] Error: (msgtype=0x48000E,name=PHttpChannel::Msg_DeletingChannel) Channel closing: too late to send/recv, messages will be lost


###!!! [Child][RunMessage] Error: Channel closing: too late to send/recv, messages will be lost


###!!! [Child][RunMessage] Error: Channel closing: too late to send/recv, messages will be lost


###!!! [Child][RunMessage] Error: Channel closing: too late to send/recv, messages will be lost

*** UTM:SVC TimerManager:registerTimer called after profile-before-change notification. Ignoring timer registration for id: telemetry_modules_ping
1537117643046	geckodriver	INFO	geckodriver 0.20.1
1537117643053	geckodriver	INFO	Listening on 127.0.0.1:65439
1537117644072	mozrunner::runner	INFO	Running command: "/Applications/Firefox.app/Contents/MacOS/firefox-bin" "-marionette" "-profile" "/var/folders/ch/v7j_w2057ms6ynry7zbqjkfc0000gn/T/rust_mozprofile.6wsLuGns7q2J"
2018-09-16 13:07:25.763 plugin-container[16752:343545] *** CFMessagePort: bootstrap_register(): failed 1100 (0x44c) 'Permission denied', port = 0x9737, name = 'com.apple.tsm.portname'
See /usr/include/servers/bootstrap_defs.h for the error codes.
1537117646268	Marionette	INFO	Listening on port 65452
1537117646349	Marionette	WARN	TLS certificate errors will be ignored for this session
2018-09-16 13:07:26.838 plugin-container[16753:343640] *** CFMessagePort: bootstrap_register(): failed 1100 (0x44c) 'Permission denied', port = 0x9137, name = 'com.apple.tsm.portname'
See /usr/include/servers/bootstrap_defs.h for the error codes.
JavaScript warning: https://manganelo.com/themes/home/js/jquery-1.9.1.min.js?v=8, line 1: Using //@ to indicate sourceMappingURL pragmas is deprecated. Use //# instead
JavaScript warning: https://www.googletagmanager.com/gtag/js?id=UA-110559829-1, line 74: unreachable code after return statement
JavaScript warning: https://www.googletagmanager.com/gtag/js?id=UA-110559829-1, line 74: unreachable code after return statement
JavaScript warning: https://www.googletagmanager.com/gtag/js?id=UA-106464657-6, line 74: unreachable code after return statement
JavaScript warning: https://www.googletagmanager.com/gtag/js?id=UA-106464657-6, line 74: unreachable code after return statement
JavaScript warning: https://www.googletagmanager.com/gtag/js?id=UA-106464657-6, line 74: unreachable code after return statement
JavaScript warning: https://www.googletagmanager.com/gtag/js?id=UA-106464657-6, line 74: unreachable code after return statement
JavaScript warning: https://www.googletagmanager.com/gtag/js?id=UA-106464657-6, line 74: unreachable code after return statement
JavaScript warning: https://www.googletagmanager.com/gtag/js?id=UA-106464657-6, line 74: unreachable code after return statement

###!!! [Child][RunMessage] Error: Channel closing: too late to send/recv, messages will be lost


###!!! [Child][RunMessage] Error: Channel closing: too late to send/recv, messages will be lost


###!!! [Child][RunMessage] Error: Channel closing: too late to send/recv, messages will be lost


###!!! [Child][RunMessage] Error: Channel closing: too late to send/recv, messages will be lost


###!!! [Child][RunMessage] Error: Channel closing: too late to send/recv, messages will be lost

*** UTM:SVC TimerManager:registerTimer called after profile-before-change notification. Ignoring timer registration for id: telemetry_modules_ping
1537117743703	geckodriver	INFO	geckodriver 0.20.1
1537117743709	geckodriver	INFO	Listening on 127.0.0.1:49548
1537117744722	mozrunner::runner	INFO	Running command: "/Applications/Firefox.app/Contents/MacOS/firefox-bin" "-marionette" "-profile" "/var/folders/ch/v7j_w2057ms6ynry7zbqjkfc0000gn/T/rust_mozprofile.5ijAxNkblZAX"
2018-09-16 13:09:06.450 plugin-container[16786:346256] *** CFMessagePort: bootstrap_register(): failed 1100 (0x44c) 'Permission denied', port = 0x9737, name = 'com.apple.tsm.portname'
See /usr/include/servers/bootstrap_defs.h for the error codes.
1537117746951	Marionette	INFO	Listening on port 49561
1537117747019	Marionette	WARN	TLS certificate errors will be ignored for this session
2018-09-16 13:09:07.524 plugin-container[16787:346376] *** CFMessagePort: bootstrap_register(): failed 1100 (0x44c) 'Permission denied', port = 0x933b, name = 'com.apple.tsm.portname'
See /usr/include/servers/bootstrap_defs.h for the error codes.
JavaScript warning: https://manganelo.com/themes/home/js/jquery-1.9.1.min.js?v=8, line 1: Using //@ to indicate sourceMappingURL pragmas is deprecated. Use //# instead
JavaScript warning: https://www.googletagmanager.com/gtag/js?id=UA-110559829-1, line 74: unreachable code after return statement
JavaScript warning: https://www.googletagmanager.com/gtag/js?id=UA-110559829-1, line 74: unreachable code after return statement
JavaScript warning: https://www.googletagmanager.com/gtag/js?id=UA-106464657-6, line 74: unreachable code after return statement
JavaScript warning: https://www.googletagmanager.com/gtag/js?id=UA-106464657-6, line 74: unreachable code after return statement
JavaScript warning: https://www.googletagmanager.com/gtag/js?id=UA-106464657-6, line 74: unreachable code after return statement
JavaScript warning: https://www.googletagmanager.com/gtag/js?id=UA-106464657-6, line 74: unreachable code after return statement
JavaScript warning: https://www.googletagmanager.com/gtag/js?id=UA-106464657-6, line 74: unreachable code after return statement
JavaScript warning: https://www.googletagmanager.com/gtag/js?id=UA-106464657-6, line 74: unreachable code after return statement

###!!! [Child][RunMessage] Error: Channel closing: too late to send/recv, messages will be lost


###!!! [Child][RunMessage] Error: Channel closing: too late to send/recv, messages will be lost


###!!! [Child][RunMessage] Error: Channel closing: too late to send/recv, messages will be lost

*** UTM:SVC TimerManager:registerTimer called after profile-before-change notification. Ignoring timer registration for id: telemetry_modules_ping
1537117877940	geckodriver	INFO	geckodriver 0.20.1
1537117877946	geckodriver	INFO	Listening on 127.0.0.1:50075
1537117878957	mozrunner::runner	INFO	Running command: "/Applications/Firefox.app/Contents/MacOS/firefox-bin" "-marionette" "-profile" "/var/folders/ch/v7j_w2057ms6ynry7zbqjkfc0000gn/T/rust_mozprofile.5kdGVUfghscM"
2018-09-16 13:11:20.792 plugin-container[16818:349510] *** CFMessagePort: bootstrap_register(): failed 1100 (0x44c) 'Permission denied', port = 0x9737, name = 'com.apple.tsm.portname'
See /usr/include/servers/bootstrap_defs.h for the error codes.
1537117881329	Marionette	INFO	Listening on port 50088
1537117881384	Marionette	WARN	TLS certificate errors will be ignored for this session
2018-09-16 13:11:21.898 plugin-container[16819:349626] *** CFMessagePort: bootstrap_register(): failed 1100 (0x44c) 'Permission denied', port = 0x9437, name = 'com.apple.tsm.portname'
See /usr/include/servers/bootstrap_defs.h for the error codes.
JavaScript warning: https://manganelo.com/themes/home/js/jquery-1.9.1.min.js?v=8, line 1: Using //@ to indicate sourceMappingURL pragmas is deprecated. Use //# instead
JavaScript warning: https://www.googletagmanager.com/gtag/js?id=UA-110559829-1, line 74: unreachable code after return statement
JavaScript warning: https://www.googletagmanager.com/gtag/js?id=UA-110559829-1, line 74: unreachable code after return statement
JavaScript warning: https://www.googletagmanager.com/gtag/js?id=UA-106464657-6, line 74: unreachable code after return statement
JavaScript warning: https://www.googletagmanager.com/gtag/js?id=UA-106464657-6, line 74: unreachable code after return statement
JavaScript warning: https://www.googletagmanager.com/gtag/js?id=UA-106464657-6, line 74: unreachable code after return statement
JavaScript warning: https://www.googletagmanager.com/gtag/js?id=UA-106464657-6, line 74: unreachable code after return statement
JavaScript warning: https://www.googletagmanager.com/gtag/js?id=UA-106464657-6, line 74: unreachable code after return statement
JavaScript warning: https://www.googletagmanager.com/gtag/js?id=UA-106464657-6, line 74: unreachable code after return statement

###!!! [Child][RunMessage] Error: Channel closing: too late to send/recv, messages will be lost


###!!! [Child][RunMessage] Error: Channel closing: too late to send/recv, messages will be lost


###!!! [Child][RunMessage] Error: Channel closing: too late to send/recv, messages will be lost

*** UTM:SVC TimerManager:registerTimer called after profile-before-change notification. Ignoring timer registration for id: telemetry_modules_ping
1537117949133	geckodriver	INFO	geckodriver 0.20.1
1537117949139	geckodriver	INFO	Listening on 127.0.0.1:50484
1537117950148	mozrunner::runner	INFO	Running command: "/Applications/Firefox.app/Contents/MacOS/firefox-bin" "-marionette" "-profile" "/var/folders/ch/v7j_w2057ms6ynry7zbqjkfc0000gn/T/rust_mozprofile.V8TIXPZUXmiB"
2018-09-16 13:12:31.835 plugin-container[16836:351146] *** CFMessagePort: bootstrap_register(): failed 1100 (0x44c) 'Permission denied', port = 0x9637, name = 'com.apple.tsm.portname'
See /usr/include/servers/bootstrap_defs.h for the error codes.
1537117952345	Marionette	INFO	Listening on port 50497
1537117952442	Marionette	WARN	TLS certificate errors will be ignored for this session
2018-09-16 13:12:32.928 plugin-container[16837:351483] *** CFMessagePort: bootstrap_register(): failed 1100 (0x44c) 'Permission denied', port = 0x9337, name = 'com.apple.tsm.portname'
See /usr/include/servers/bootstrap_defs.h for the error codes.
JavaScript warning: https://manganelo.com/themes/home/js/jquery-1.9.1.min.js?v=8, line 1: Using //@ to indicate sourceMappingURL pragmas is deprecated. Use //# instead
JavaScript warning: https://www.googletagmanager.com/gtag/js?id=UA-110559829-1, line 74: unreachable code after return statement
JavaScript warning: https://www.googletagmanager.com/gtag/js?id=UA-110559829-1, line 74: unreachable code after return statement
JavaScript warning: https://www.googletagmanager.com/gtag/js?id=UA-106464657-6, line 74: unreachable code after return statement
JavaScript warning: https://www.googletagmanager.com/gtag/js?id=UA-106464657-6, line 74: unreachable code after return statement
JavaScript warning: https://www.googletagmanager.com/gtag/js?id=UA-106464657-6, line 74: unreachable code after return statement
JavaScript warning: https://www.googletagmanager.com/gtag/js?id=UA-106464657-6, line 74: unreachable code after return statement
JavaScript warning: https://www.googletagmanager.com/gtag/js?id=UA-106464657-6, line 74: unreachable code after return statement
JavaScript warning: https://www.googletagmanager.com/gtag/js?id=UA-106464657-6, line 74: unreachable code after return statement
*** UTM:SVC TimerManager:registerTimer called after profile-before-change notification. Ignoring timer registration for id: telemetry_modules_ping
1537118103787	geckodriver	INFO	geckodriver 0.20.1
1537118103794	geckodriver	INFO	Listening on 127.0.0.1:51069
1537118104806	mozrunner::runner	INFO	Running command: "/Applications/Firefox.app/Contents/MacOS/firefox-bin" "-marionette" "-profile" "/var/folders/ch/v7j_w2057ms6ynry7zbqjkfc0000gn/T/rust_mozprofile.FUD05XGPoQMv"
2018-09-16 13:15:06.540 plugin-container[16866:354809] *** CFMessagePort: bootstrap_register(): failed 1100 (0x44c) 'Permission denied', port = 0x9637, name = 'com.apple.tsm.portname'
See /usr/include/servers/bootstrap_defs.h for the error codes.
1537118107020	Marionette	INFO	Listening on port 51082
1537118107091	Marionette	WARN	TLS certificate errors will be ignored for this session
2018-09-16 13:15:07.601 plugin-container[16867:354940] *** CFMessagePort: bootstrap_register(): failed 1100 (0x44c) 'Permission denied', port = 0x922b, name = 'com.apple.tsm.portname'
See /usr/include/servers/bootstrap_defs.h for the error codes.
JavaScript warning: https://manganelo.com/themes/home/js/jquery-1.9.1.min.js?v=8, line 1: Using //@ to indicate sourceMappingURL pragmas is deprecated. Use //# instead
JavaScript warning: https://www.googletagmanager.com/gtag/js?id=UA-110559829-1, line 74: unreachable code after return statement
JavaScript warning: https://www.googletagmanager.com/gtag/js?id=UA-110559829-1, line 74: unreachable code after return statement
JavaScript warning: https://www.googletagmanager.com/gtag/js?id=UA-106464657-6, line 74: unreachable code after return statement
JavaScript warning: https://www.googletagmanager.com/gtag/js?id=UA-106464657-6, line 74: unreachable code after return statement
JavaScript warning: https://www.googletagmanager.com/gtag/js?id=UA-106464657-6, line 74: unreachable code after return statement
JavaScript warning: https://www.googletagmanager.com/gtag/js?id=UA-106464657-6, line 74: unreachable code after return statement
JavaScript warning: https://www.googletagmanager.com/gtag/js?id=UA-106464657-6, line 74: unreachable code after return statement
JavaScript warning: https://www.googletagmanager.com/gtag/js?id=UA-106464657-6, line 74: unreachable code after return statement
*** UTM:SVC TimerManager:registerTimer called after profile-before-change notification. Ignoring timer registration for id: telemetry_modules_ping
1537118152758	geckodriver	INFO	geckodriver 0.20.1
1537118152764	geckodriver	INFO	Listening on 127.0.0.1:51417
1537118153780	mozrunner::runner	INFO	Running command: "/Applications/Firefox.app/Contents/MacOS/firefox-bin" "-marionette" "-profile" "/var/folders/ch/v7j_w2057ms6ynry7zbqjkfc0000gn/T/rust_mozprofile.tovtR74KTCgS"
2018-09-16 13:15:55.636 plugin-container[16884:356236] *** CFMessagePort: bootstrap_register(): failed 1100 (0x44c) 'Permission denied', port = 0x9737, name = 'com.apple.tsm.portname'
See /usr/include/servers/bootstrap_defs.h for the error codes.
1537118156136	Marionette	INFO	Listening on port 51430
1537118156192	Marionette	WARN	TLS certificate errors will be ignored for this session
2018-09-16 13:15:56.745 plugin-container[16885:356344] *** CFMessagePort: bootstrap_register(): failed 1100 (0x44c) 'Permission denied', port = 0x9437, name = 'com.apple.tsm.portname'
See /usr/include/servers/bootstrap_defs.h for the error codes.
JavaScript warning: https://manganelo.com/themes/home/js/jquery-1.9.1.min.js?v=8, line 1: Using //@ to indicate sourceMappingURL pragmas is deprecated. Use //# instead
JavaScript warning: https://www.googletagmanager.com/gtag/js?id=UA-110559829-1, line 74: unreachable code after return statement
JavaScript warning: https://www.googletagmanager.com/gtag/js?id=UA-110559829-1, line 74: unreachable code after return statement
JavaScript warning: https://www.googletagmanager.com/gtag/js?id=UA-106464657-6, line 74: unreachable code after return statement
JavaScript warning: https://www.googletagmanager.com/gtag/js?id=UA-106464657-6, line 74: unreachable code after return statement
JavaScript warning: https://www.googletagmanager.com/gtag/js?id=UA-106464657-6, line 74: unreachable code after return statement
JavaScript warning: https://www.googletagmanager.com/gtag/js?id=UA-106464657-6, line 74: unreachable code after return statement
JavaScript warning: https://www.googletagmanager.com/gtag/js?id=UA-106464657-6, line 74: unreachable code after return statement
JavaScript warning: https://www.googletagmanager.com/gtag/js?id=UA-106464657-6, line 74: unreachable code after return statement

###!!! [Child][RunMessage] Error: Channel closing: too late to send/recv, messages will be lost


###!!! [Child][RunMessage] Error: Channel closing: too late to send/recv, messages will be lost


###!!! [Child][RunMessage] Error: Channel closing: too late to send/recv, messages will be lost


###!!! [Child][RunMessage] Error: Channel closing: too late to send/recv, messages will be lost

*** UTM:SVC TimerManager:registerTimer called after profile-before-change notification. Ignoring timer registration for id: telemetry_modules_ping
1537118195293	geckodriver	INFO	geckodriver 0.20.1
1537118195299	geckodriver	INFO	Listening on 127.0.0.1:51805
1537118196307	mozrunner::runner	INFO	Running command: "/Applications/Firefox.app/Contents/MacOS/firefox-bin" "-marionette" "-profile" "/var/folders/ch/v7j_w2057ms6ynry7zbqjkfc0000gn/T/rust_mozprofile.diGzlwJXHUxt"
2018-09-16 13:16:38.197 plugin-container[16899:357504] *** CFMessagePort: bootstrap_register(): failed 1100 (0x44c) 'Permission denied', port = 0x9837, name = 'com.apple.tsm.portname'
See /usr/include/servers/bootstrap_defs.h for the error codes.
1537118198680	Marionette	INFO	Listening on port 51818
1537118198739	Marionette	WARN	TLS certificate errors will be ignored for this session
2018-09-16 13:16:39.283 plugin-container[16900:357638] *** CFMessagePort: bootstrap_register(): failed 1100 (0x44c) 'Permission denied', port = 0x9237, name = 'com.apple.tsm.portname'
See /usr/include/servers/bootstrap_defs.h for the error codes.
JavaScript warning: https://manganelo.com/themes/home/js/jquery-1.9.1.min.js?v=8, line 1: Using //@ to indicate sourceMappingURL pragmas is deprecated. Use //# instead
JavaScript warning: https://www.googletagmanager.com/gtag/js?id=UA-110559829-1, line 74: unreachable code after return statement
JavaScript warning: https://www.googletagmanager.com/gtag/js?id=UA-110559829-1, line 74: unreachable code after return statement
JavaScript warning: https://www.googletagmanager.com/gtag/js?id=UA-106464657-6, line 74: unreachable code after return statement
JavaScript warning: https://www.googletagmanager.com/gtag/js?id=UA-106464657-6, line 74: unreachable code after return statement
JavaScript warning: https://www.googletagmanager.com/gtag/js?id=UA-106464657-6, line 74: unreachable code after return statement
JavaScript warning: https://www.googletagmanager.com/gtag/js?id=UA-106464657-6, line 74: unreachable code after return statement
JavaScript warning: https://www.googletagmanager.com/gtag/js?id=UA-106464657-6, line 74: unreachable code after return statement
JavaScript warning: https://www.googletagmanager.com/gtag/js?id=UA-106464657-6, line 74: unreachable code after return statement

###!!! [Child][RunMessage] Error: Channel closing: too late to send/recv, messages will be lost


###!!! [Child][MessageChannel] Error: (msgtype=0x48000E,name=PHttpChannel::Msg_DeletingChannel) Channel closing: too late to send/recv, messages will be lost


###!!! [Child][MessageChannel] Error: (msgtype=0x48000E,name=PHttpChannel::Msg_DeletingChannel) Channel closing: too late to send/recv, messages will be lost


###!!! [Child][RunMessage] Error: Channel closing: too late to send/recv, messages will be lost


###!!! [Child][RunMessage] Error: Channel closing: too late to send/recv, messages will be lost


###!!! [Child][RunMessage] Error: Channel closing: too late to send/recv, messages will be lost

*** UTM:SVC TimerManager:registerTimer called after profile-before-change notification. Ignoring timer registration for id: telemetry_modules_ping
1537118239625	geckodriver	INFO	geckodriver 0.20.1
1537118239631	geckodriver	INFO	Listening on 127.0.0.1:52144
1537118240642	mozrunner::runner	INFO	Running command: "/Applications/Firefox.app/Contents/MacOS/firefox-bin" "-marionette" "-profile" "/var/folders/ch/v7j_w2057ms6ynry7zbqjkfc0000gn/T/rust_mozprofile.6p9Ju265GVkp"
2018-09-16 13:17:22.331 plugin-container[16913:358700] *** CFMessagePort: bootstrap_register(): failed 1100 (0x44c) 'Permission denied', port = 0x9537, name = 'com.apple.tsm.portname'
See /usr/include/servers/bootstrap_defs.h for the error codes.
1537118242826	Marionette	INFO	Listening on port 52157
1537118242944	Marionette	WARN	TLS certificate errors will be ignored for this session
2018-09-16 13:17:23.374 plugin-container[16914:358802] *** CFMessagePort: bootstrap_register(): failed 1100 (0x44c) 'Permission denied', port = 0x9337, name = 'com.apple.tsm.portname'
See /usr/include/servers/bootstrap_defs.h for the error codes.
JavaScript warning: https://manganelo.com/themes/home/js/jquery-1.9.1.min.js?v=8, line 1: Using //@ to indicate sourceMappingURL pragmas is deprecated. Use //# instead
JavaScript warning: https://www.googletagmanager.com/gtag/js?id=UA-110559829-1, line 74: unreachable code after return statement
JavaScript warning: https://www.googletagmanager.com/gtag/js?id=UA-110559829-1, line 74: unreachable code after return statement
JavaScript warning: https://www.googletagmanager.com/gtag/js?id=UA-106464657-6, line 74: unreachable code after return statement
JavaScript warning: https://www.googletagmanager.com/gtag/js?id=UA-106464657-6, line 74: unreachable code after return statement
JavaScript warning: https://www.googletagmanager.com/gtag/js?id=UA-106464657-6, line 74: unreachable code after return statement
JavaScript warning: https://www.googletagmanager.com/gtag/js?id=UA-106464657-6, line 74: unreachable code after return statement
JavaScript warning: https://www.googletagmanager.com/gtag/js?id=UA-106464657-6, line 74: unreachable code after return statement
JavaScript warning: https://www.googletagmanager.com/gtag/js?id=UA-106464657-6, line 74: unreachable code after return statement

###!!! [Child][RunMessage] Error: Channel closing: too late to send/recv, messages will be lost


###!!! [Child][RunMessage] Error: Channel closing: too late to send/recv, messages will be lost


###!!! [Child][RunMessage] Error: Channel closing: too late to send/recv, messages will be lost


###!!! [Child][RunMessage] Error: Channel closing: too late to send/recv, messages will be lost


###!!! [Child][RunMessage] Error: Channel closing: too late to send/recv, messages will be lost


###!!! [Child][RunMessage] Error: Channel closing: too late to send/recv, messages will be lost


###!!! [Child][MessageChannel] Error: (msgtype=0x48000E,name=PHttpChannel::Msg_DeletingChannel) Channel closing: too late to send/recv, messages will be lost


###!!! [Child][RunMessage] Error: Channel closing: too late to send/recv, messages will be lost


###!!! [Child][RunMessage] Error: Channel closing: too late to send/recv, messages will be lost

*** UTM:SVC TimerManager:registerTimer called after profile-before-change notification. Ignoring timer registration for id: telemetry_modules_ping
1537118289411	geckodriver	INFO	geckodriver 0.20.1
1537118289417	geckodriver	INFO	Listening on 127.0.0.1:52496
1537118290425	mozrunner::runner	INFO	Running command: "/Applications/Firefox.app/Contents/MacOS/firefox-bin" "-marionette" "-profile" "/var/folders/ch/v7j_w2057ms6ynry7zbqjkfc0000gn/T/rust_mozprofile.xkYNEu3wr5TD"
2018-09-16 13:18:12.480 plugin-container[16929:359950] *** CFMessagePort: bootstrap_register(): failed 1100 (0x44c) 'Permission denied', port = 0x9537, name = 'com.apple.tsm.portname'
See /usr/include/servers/bootstrap_defs.h for the error codes.
1537118293216	Marionette	INFO	Listening on port 52509
1537118293320	Marionette	WARN	TLS certificate errors will be ignored for this session
2018-09-16 13:18:13.540 plugin-container[16930:360044] *** CFMessagePort: bootstrap_register(): failed 1100 (0x44c) 'Permission denied', port = 0x943f, name = 'com.apple.tsm.portname'
See /usr/include/servers/bootstrap_defs.h for the error codes.
JavaScript warning: https://manganelo.com/themes/home/js/jquery-1.9.1.min.js?v=8, line 1: Using //@ to indicate sourceMappingURL pragmas is deprecated. Use //# instead
JavaScript warning: https://www.googletagmanager.com/gtag/js?id=UA-110559829-1, line 74: unreachable code after return statement
JavaScript warning: https://www.googletagmanager.com/gtag/js?id=UA-110559829-1, line 74: unreachable code after return statement
JavaScript warning: https://www.googletagmanager.com/gtag/js?id=UA-106464657-6, line 74: unreachable code after return statement
JavaScript warning: https://www.googletagmanager.com/gtag/js?id=UA-106464657-6, line 74: unreachable code after return statement
JavaScript warning: https://www.googletagmanager.com/gtag/js?id=UA-106464657-6, line 74: unreachable code after return statement
JavaScript warning: https://www.googletagmanager.com/gtag/js?id=UA-106464657-6, line 74: unreachable code after return statement
JavaScript warning: https://www.googletagmanager.com/gtag/js?id=UA-106464657-6, line 74: unreachable code after return statement
JavaScript warning: https://www.googletagmanager.com/gtag/js?id=UA-106464657-6, line 74: unreachable code after return statement
JavaScript warning: https://manganelo.com/themes/home/js/jquery-1.9.1.min.js?v=8, line 1: Using //@ to indicate sourceMappingURL pragmas is deprecated. Use //# instead
JavaScript warning: https://www.googletagmanager.com/gtag/js?id=UA-110559829-1, line 74: unreachable code after return statement
JavaScript warning: https://www.googletagmanager.com/gtag/js?id=UA-110559829-1, line 74: unreachable code after return statement
JavaScript warning: https://www.googletagmanager.com/gtag/js?id=UA-106464657-6, line 74: unreachable code after return statement
JavaScript warning: https://www.googletagmanager.com/gtag/js?id=UA-106464657-6, line 74: unreachable code after return statement
JavaScript warning: https://www.googletagmanager.com/gtag/js?id=UA-106464657-6, line 74: unreachable code after return statement
JavaScript warning: https://www.googletagmanager.com/gtag/js?id=UA-106464657-6, line 74: unreachable code after return statement
JavaScript warning: https://www.googletagmanager.com/gtag/js?id=UA-106464657-6, line 74: unreachable code after return statement
JavaScript warning: https://www.googletagmanager.com/gtag/js?id=UA-106464657-6, line 74: unreachable code after return statement
JavaScript warning: https://manganelo.com/themes/home/js/jquery-1.9.1.min.js?v=8, line 1: Using //@ to indicate sourceMappingURL pragmas is deprecated. Use //# instead
JavaScript warning: https://www.googletagmanager.com/gtag/js?id=UA-110559829-1, line 74: unreachable code after return statement
JavaScript warning: https://www.googletagmanager.com/gtag/js?id=UA-110559829-1, line 74: unreachable code after return statement
JavaScript error: https://c2.rfihub.net/static/js/vw_min-0.4.js, line 1: TypeError: e.contains is not a function
JavaScript warning: https://manganelo.com/themes/home/js/jquery-1.9.1.min.js?v=8, line 1: Using //@ to indicate sourceMappingURL pragmas is deprecated. Use //# instead
JavaScript warning: https://www.googletagmanager.com/gtag/js?id=UA-110559829-1, line 74: unreachable code after return statement
JavaScript warning: https://www.googletagmanager.com/gtag/js?id=UA-110559829-1, line 74: unreachable code after return statement
JavaScript error: https://c2.rfihub.net/static/js/vw_min-0.4.js, line 1: TypeError: e.contains is not a function
JavaScript error: https://c2.rfihub.net/static/js/vw_min-0.4.js, line 1: TypeError: e.contains is not a function
[Child 16929, Chrome_ChildThread] WARNING: pipe error: Broken pipe: file /builds/worker/workspace/build/src/ipc/chromium/src/chrome/common/ipc_channel_posix.cc, line 709
[GFX1-]: Receive IPC close with reason=AbnormalShutdown
1537118640741	geckodriver	INFO	geckodriver 0.20.1
1537118640748	geckodriver	INFO	Listening on 127.0.0.1:53639
1537118641757	mozrunner::runner	INFO	Running command: "/Applications/Firefox.app/Contents/MacOS/firefox-bin" "-marionette" "-profile" "/var/folders/ch/v7j_w2057ms6ynry7zbqjkfc0000gn/T/rust_mozprofile.HSPzOOC5l9Q7"
2018-09-16 13:24:03.924 plugin-container[17293:369845] *** CFMessagePort: bootstrap_register(): failed 1100 (0x44c) 'Permission denied', port = 0x962b, name = 'com.apple.tsm.portname'
See /usr/include/servers/bootstrap_defs.h for the error codes.
1537118644499	Marionette	INFO	Listening on port 53652
1537118644560	Marionette	WARN	TLS certificate errors will be ignored for this session
2018-09-16 13:24:05.174 plugin-container[17294:369980] *** CFMessagePort: bootstrap_register(): failed 1100 (0x44c) 'Permission denied', port = 0x9437, name = 'com.apple.tsm.portname'
See /usr/include/servers/bootstrap_defs.h for the error codes.
JavaScript warning: https://manganelo.com/themes/home/js/jquery-1.9.1.min.js?v=8, line 1: Using //@ to indicate sourceMappingURL pragmas is deprecated. Use //# instead
JavaScript warning: https://www.googletagmanager.com/gtag/js?id=UA-110559829-1, line 74: unreachable code after return statement
JavaScript warning: https://www.googletagmanager.com/gtag/js?id=UA-110559829-1, line 74: unreachable code after return statement
JavaScript warning: https://www.googletagmanager.com/gtag/js?id=UA-106464657-6, line 74: unreachable code after return statement
JavaScript warning: https://www.googletagmanager.com/gtag/js?id=UA-106464657-6, line 74: unreachable code after return statement
JavaScript warning: https://www.googletagmanager.com/gtag/js?id=UA-106464657-6, line 74: unreachable code after return statement
JavaScript warning: https://www.googletagmanager.com/gtag/js?id=UA-106464657-6, line 74: unreachable code after return statement
JavaScript warning: https://www.googletagmanager.com/gtag/js?id=UA-106464657-6, line 74: unreachable code after return statement
JavaScript warning: https://www.googletagmanager.com/gtag/js?id=UA-106464657-6, line 74: unreachable code after return statement
JavaScript warning: https://manganelo.com/themes/home/js/jquery-1.9.1.min.js?v=8, line 1: Using //@ to indicate sourceMappingURL pragmas is deprecated. Use //# instead
JavaScript warning: https://www.googletagmanager.com/gtag/js?id=UA-110559829-1, line 74: unreachable code after return statement
JavaScript warning: https://www.googletagmanager.com/gtag/js?id=UA-110559829-1, line 74: unreachable code after return statement
[Child 17293, Chrome_ChildThread] WARNING: pipe error: Broken pipe: file /builds/worker/workspace/build/src/ipc/chromium/src/chrome/common/ipc_channel_posix.cc, line 709
1537118780093	geckodriver	INFO	geckodriver 0.20.1
1537118780099	geckodriver	INFO	Listening on 127.0.0.1:54189
1537118781109	mozrunner::runner	INFO	Running command: "/Applications/Firefox.app/Contents/MacOS/firefox-bin" "-marionette" "-profile" "/var/folders/ch/v7j_w2057ms6ynry7zbqjkfc0000gn/T/rust_mozprofile.N5mZjQaMz1TA"
2018-09-16 13:26:22.883 plugin-container[17329:373624] *** CFMessagePort: bootstrap_register(): failed 1100 (0x44c) 'Permission denied', port = 0x9637, name = 'com.apple.tsm.portname'
See /usr/include/servers/bootstrap_defs.h for the error codes.
1537118783384	Marionette	INFO	Listening on port 54202
1537118783436	Marionette	WARN	TLS certificate errors will be ignored for this session
2018-09-16 13:26:23.983 plugin-container[17330:373734] *** CFMessagePort: bootstrap_register(): failed 1100 (0x44c) 'Permission denied', port = 0x9237, name = 'com.apple.tsm.portname'
See /usr/include/servers/bootstrap_defs.h for the error codes.
JavaScript warning: https://manganelo.com/themes/home/js/jquery-1.9.1.min.js?v=8, line 1: Using //@ to indicate sourceMappingURL pragmas is deprecated. Use //# instead
JavaScript warning: https://www.googletagmanager.com/gtag/js?id=UA-110559829-1, line 74: unreachable code after return statement
JavaScript warning: https://www.googletagmanager.com/gtag/js?id=UA-110559829-1, line 74: unreachable code after return statement
JavaScript warning: https://www.googletagmanager.com/gtag/js?id=UA-106464657-6, line 74: unreachable code after return statement
JavaScript warning: https://www.googletagmanager.com/gtag/js?id=UA-106464657-6, line 74: unreachable code after return statement
JavaScript warning: https://www.googletagmanager.com/gtag/js?id=UA-106464657-6, line 74: unreachable code after return statement
JavaScript warning: https://www.googletagmanager.com/gtag/js?id=UA-106464657-6, line 74: unreachable code after return statement
JavaScript warning: https://www.googletagmanager.com/gtag/js?id=UA-106464657-6, line 74: unreachable code after return statement
JavaScript warning: https://www.googletagmanager.com/gtag/js?id=UA-106464657-6, line 74: unreachable code after return statement
*** UTM:SVC TimerManager:registerTimer called after profile-before-change notification. Ignoring timer registration for id: telemetry_modules_ping
1537118840466	geckodriver	INFO	geckodriver 0.20.1
1537118840473	geckodriver	INFO	Listening on 127.0.0.1:54582
1537118841486	mozrunner::runner	INFO	Running command: "/Applications/Firefox.app/Contents/MacOS/firefox-bin" "-marionette" "-profile" "/var/folders/ch/v7j_w2057ms6ynry7zbqjkfc0000gn/T/rust_mozprofile.TmzEsF82fXSk"
2018-09-16 13:27:23.366 plugin-container[17368:375469] *** CFMessagePort: bootstrap_register(): failed 1100 (0x44c) 'Permission denied', port = 0x9837, name = 'com.apple.tsm.portname'
See /usr/include/servers/bootstrap_defs.h for the error codes.
1537118843864	Marionette	INFO	Listening on port 54595
1537118843899	Marionette	WARN	TLS certificate errors will be ignored for this session
2018-09-16 13:27:24.491 plugin-container[17369:375583] *** CFMessagePort: bootstrap_register(): failed 1100 (0x44c) 'Permission denied', port = 0x923b, name = 'com.apple.tsm.portname'
See /usr/include/servers/bootstrap_defs.h for the error codes.
JavaScript warning: https://manganelo.com/themes/home/js/jquery-1.9.1.min.js?v=8, line 1: Using //@ to indicate sourceMappingURL pragmas is deprecated. Use //# instead
JavaScript warning: https://www.googletagmanager.com/gtag/js?id=UA-110559829-1, line 74: unreachable code after return statement
JavaScript warning: https://www.googletagmanager.com/gtag/js?id=UA-110559829-1, line 74: unreachable code after return statement
[GFX1-]: Receive IPC close with reason=AbnormalShutdown
[Child 17369, Chrome_ChildThread] WARNING: pipe error: Broken pipe: file /builds/worker/workspace/build/src/ipc/chromium/src/chrome/common/ipc_channel_posix.cc, line 709
1537118854302	geckodriver	INFO	geckodriver 0.20.1
1537118854308	geckodriver	INFO	Listening on 127.0.0.1:54783
1537118855316	mozrunner::runner	INFO	Running command: "/Applications/Firefox.app/Contents/MacOS/firefox-bin" "-marionette" "-profile" "/var/folders/ch/v7j_w2057ms6ynry7zbqjkfc0000gn/T/rust_mozprofile.HCur0EuTkQNW"
1537118931145	geckodriver	INFO	geckodriver 0.20.1
1537118931153	geckodriver	INFO	Listening on 127.0.0.1:54974
1537118932164	mozrunner::runner	INFO	Running command: "/Applications/Firefox.app/Contents/MacOS/firefox-bin" "-marionette" "-profile" "/var/folders/ch/v7j_w2057ms6ynry7zbqjkfc0000gn/T/rust_mozprofile.dXh8UAeIvHZV"
2018-09-16 13:28:53.848 plugin-container[17415:378167] *** CFMessagePort: bootstrap_register(): failed 1100 (0x44c) 'Permission denied', port = 0x9737, name = 'com.apple.tsm.portname'
See /usr/include/servers/bootstrap_defs.h for the error codes.
1537118934340	Marionette	INFO	Listening on port 54987
1537118934444	Marionette	WARN	TLS certificate errors will be ignored for this session
2018-09-16 13:28:54.917 plugin-container[17416:378286] *** CFMessagePort: bootstrap_register(): failed 1100 (0x44c) 'Permission denied', port = 0x922b, name = 'com.apple.tsm.portname'
See /usr/include/servers/bootstrap_defs.h for the error codes.
JavaScript warning: https://manganelo.com/themes/home/js/jquery-1.9.1.min.js?v=8, line 1: Using //@ to indicate sourceMappingURL pragmas is deprecated. Use //# instead
JavaScript warning: https://www.googletagmanager.com/gtag/js?id=UA-110559829-1, line 74: unreachable code after return statement
JavaScript warning: https://www.googletagmanager.com/gtag/js?id=UA-110559829-1, line 74: unreachable code after return statement
JavaScript warning: https://www.googletagmanager.com/gtag/js?id=UA-106464657-6, line 74: unreachable code after return statement
JavaScript warning: https://www.googletagmanager.com/gtag/js?id=UA-106464657-6, line 74: unreachable code after return statement
JavaScript warning: https://www.googletagmanager.com/gtag/js?id=UA-106464657-6, line 74: unreachable code after return statement
JavaScript warning: https://www.googletagmanager.com/gtag/js?id=UA-106464657-6, line 74: unreachable code after return statement
JavaScript warning: https://www.googletagmanager.com/gtag/js?id=UA-106464657-6, line 74: unreachable code after return statement
JavaScript warning: https://www.googletagmanager.com/gtag/js?id=UA-106464657-6, line 74: unreachable code after return statement
JavaScript warning: https://manganelo.com/themes/home/js/jquery-1.9.1.min.js?v=8, line 1: Using //@ to indicate sourceMappingURL pragmas is deprecated. Use //# instead
JavaScript warning: https://www.googletagmanager.com/gtag/js?id=UA-110559829-1, line 74: unreachable code after return statement
JavaScript warning: https://www.googletagmanager.com/gtag/js?id=UA-110559829-1, line 74: unreachable code after return statement
[Child 17415, Chrome_ChildThread] WARNING: pipe error: Broken pipe: file /builds/worker/workspace/build/src/ipc/chromium/src/chrome/common/ipc_channel_posix.cc, line 709
1537119013429	geckodriver	INFO	geckodriver 0.20.1
1537119013435	geckodriver	INFO	Listening on 127.0.0.1:55386
1537119014445	mozrunner::runner	INFO	Running command: "/Applications/Firefox.app/Contents/MacOS/firefox-bin" "-marionette" "-profile" "/var/folders/ch/v7j_w2057ms6ynry7zbqjkfc0000gn/T/rust_mozprofile.UccG7NgYUidF"
2018-09-16 13:30:16.295 plugin-container[17443:380825] *** CFMessagePort: bootstrap_register(): failed 1100 (0x44c) 'Permission denied', port = 0x9837, name = 'com.apple.tsm.portname'
See /usr/include/servers/bootstrap_defs.h for the error codes.
1537119016805	Marionette	INFO	Listening on port 55399
1537119016844	Marionette	WARN	TLS certificate errors will be ignored for this session
2018-09-16 13:30:17.379 plugin-container[17445:380955] *** CFMessagePort: bootstrap_register(): failed 1100 (0x44c) 'Permission denied', port = 0x9237, name = 'com.apple.tsm.portname'
See /usr/include/servers/bootstrap_defs.h for the error codes.
JavaScript warning: https://manganelo.com/themes/home/js/jquery-1.9.1.min.js?v=8, line 1: Using //@ to indicate sourceMappingURL pragmas is deprecated. Use //# instead
JavaScript warning: https://www.googletagmanager.com/gtag/js?id=UA-110559829-1, line 74: unreachable code after return statement
JavaScript warning: https://www.googletagmanager.com/gtag/js?id=UA-110559829-1, line 74: unreachable code after return statement
JavaScript warning: https://www.googletagmanager.com/gtag/js?id=UA-106464657-6, line 74: unreachable code after return statement
JavaScript warning: https://www.googletagmanager.com/gtag/js?id=UA-106464657-6, line 74: unreachable code after return statement
JavaScript warning: https://www.googletagmanager.com/gtag/js?id=UA-106464657-6, line 74: unreachable code after return statement
JavaScript warning: https://www.googletagmanager.com/gtag/js?id=UA-106464657-6, line 74: unreachable code after return statement
JavaScript warning: https://www.googletagmanager.com/gtag/js?id=UA-106464657-6, line 74: unreachable code after return statement
JavaScript warning: https://www.googletagmanager.com/gtag/js?id=UA-106464657-6, line 74: unreachable code after return statement
JavaScript warning: https://manganelo.com/themes/home/js/jquery-1.9.1.min.js?v=8, line 1: Using //@ to indicate sourceMappingURL pragmas is deprecated. Use //# instead
JavaScript warning: https://www.googletagmanager.com/gtag/js?id=UA-110559829-1, line 74: unreachable code after return statement
JavaScript warning: https://www.googletagmanager.com/gtag/js?id=UA-110559829-1, line 74: unreachable code after return statement
JavaScript warning: https://www.googletagmanager.com/gtag/js?id=UA-106464657-6, line 74: unreachable code after return statement
JavaScript warning: https://www.googletagmanager.com/gtag/js?id=UA-106464657-6, line 74: unreachable code after return statement
JavaScript warning: https://www.googletagmanager.com/gtag/js?id=UA-106464657-6, line 74: unreachable code after return statement
JavaScript warning: https://www.googletagmanager.com/gtag/js?id=UA-106464657-6, line 74: unreachable code after return statement
JavaScript warning: https://www.googletagmanager.com/gtag/js?id=UA-106464657-6, line 74: unreachable code after return statement
JavaScript warning: https://www.googletagmanager.com/gtag/js?id=UA-106464657-6, line 74: unreachable code after return statement
JavaScript error: https://c2.rfihub.net/static/js/vw_min-0.4.js, line 1: TypeError: e.contains is not a function
JavaScript error: https://c2.rfihub.net/static/js/vw_min-0.4.js, line 1: TypeError: e.contains is not a function
JavaScript error: https://c2.rfihub.net/static/js/vw_min-0.4.js, line 1: TypeError: e.contains is not a function
JavaScript error: https://c2.rfihub.net/static/js/vw_min-0.4.js, line 1: TypeError: e.contains is not a function
JavaScript error: https://c2.rfihub.net/static/js/vw_min-0.4.js, line 1: TypeError: e.contains is not a function
JavaScript error: https://c2.rfihub.net/static/js/vw_min-0.4.js, line 1: TypeError: e.contains is not a function
JavaScript error: https://c2.rfihub.net/static/js/vw_min-0.4.js, line 1: TypeError: e.contains is not a function
JavaScript warning: https://manganelo.com/themes/home/js/jquery-1.9.1.min.js?v=8, line 1: Using //@ to indicate sourceMappingURL pragmas is deprecated. Use //# instead
JavaScript warning: https://www.googletagmanager.com/gtag/js?id=UA-110559829-1, line 74: unreachable code after return statement
JavaScript warning: https://www.googletagmanager.com/gtag/js?id=UA-110559829-1, line 74: unreachable code after return statement
JavaScript error: https://c2.rfihub.net/static/js/vw_min-0.4.js, line 1: TypeError: e.contains is not a function
JavaScript warning: https://manganelo.com/themes/home/js/jquery-1.9.1.min.js?v=8, line 1: Using //@ to indicate sourceMappingURL pragmas is deprecated. Use //# instead
JavaScript warning: https://www.googletagmanager.com/gtag/js?id=UA-110559829-1, line 74: unreachable code after return statement
JavaScript warning: https://www.googletagmanager.com/gtag/js?id=UA-110559829-1, line 74: unreachable code after return statement
JavaScript warning: https://c.bebi.com/38a3fab5-3b16-4196-a617-9d16f655a51d/ad(300X250)/js/jquery-1.10.1.min.js, line 1: Using //@ to indicate sourceMappingURL pragmas is deprecated. Use //# instead
